<?xml version="1.0" encoding="UTF-8"?>
<testsuite failures="0" errors="0" skipped="0" tests="1" time="15.867707" name="Buscando elementos no console do calabash">
<testcase classname="Buscando elementos no console do calabash" name="Realizando queries" time="15.867707">
  <system-out>
    <![CDATA[]]>
  </system-out>
  <system-err>
    <![CDATA[]]>
  </system-err>
</testcase>
</testsuite>
